\BOOKMARK [1][-]{section.1}{\376\377\000I\000n\000t\000r\000o\000d\000u\000c\000t\000i\000o\000n}{}% 1
\BOOKMARK [1][-]{section.2}{\376\377\000R\000e\000l\000a\000t\000e\000d\000\040\000W\000o\000r\000k}{}% 2
\BOOKMARK [1][-]{section.3}{\376\377\000B\000a\000s\000i\000c\000s}{}% 3
\BOOKMARK [2][-]{subsection.3.1}{\376\377\000N\000a\000v\000i\000e\000r\000-\000S\000t\000o\000k\000e\000s\000\040\000e\000q\000u\000a\000t\000i\000o\000n}{section.3}% 4
\BOOKMARK [2][-]{subsection.3.2}{\376\377\000S\000i\000g\000n\000e\000d\000\040\000D\000i\000s\000t\000a\000n\000c\000e\000\040\000F\000u\000n\000c\000t\000i\000o\000n\000s}{section.3}% 5
\BOOKMARK [2][-]{subsection.3.3}{\376\377\000B\000i\000t\000o\000n\000i\000c\000\040\000S\000o\000r\000t}{section.3}% 6
\BOOKMARK [1][-]{section.4}{\376\377\000M\000e\000t\000h\000o\000d}{}% 7
\BOOKMARK [2][-]{subsection.4.1}{\376\377\000S\000m\000o\000o\000t\000h\000e\000d\000\040\000P\000a\000r\000t\000i\000c\000l\000e\000\040\000H\000y\000d\000r\000o\000d\000y\000n\000a\000m\000i\000c\000s}{section.4}% 8
\BOOKMARK [3][-]{subsubsection.4.1.1}{\376\377\000W\000e\000a\000k\000l\000y\000\040\000C\000o\000m\000p\000r\000e\000s\000s\000i\000b\000l\000e\000\040\000S\000P\000H}{subsection.4.1}% 9
\BOOKMARK [3][-]{subsubsection.4.1.2}{\376\377\000P\000r\000e\000d\000i\000c\000t\000i\000v\000e\000-\000C\000o\000r\000r\000e\000c\000t\000i\000v\000e\000\040\000I\000n\000c\000o\000m\000p\000r\000e\000s\000s\000b\000l\000e\000\040\000S\000P\000H}{subsection.4.1}% 10
\BOOKMARK [3][-]{subsubsection.4.1.3}{\376\377\000I\000m\000p\000l\000i\000c\000i\000t\000y\000\040\000I\000n\000c\000o\000m\000p\000r\000e\000s\000s\000b\000l\000e\000\040\000S\000P\000H}{subsection.4.1}% 11
\BOOKMARK [2][-]{subsection.4.2}{\376\377\000L\000i\000b\000r\000a\000r\000i\000e\000s\000\040\000\046\000\040\000T\000e\000c\000h\000n\000o\000l\000o\000g\000i\000e\000s}{section.4}% 12
\BOOKMARK [1][-]{section.5}{\376\377\000I\000m\000p\000l\000e\000m\000e\000n\000t\000a\000t\000i\000o\000n}{}% 13
\BOOKMARK [2][-]{subsection.5.1}{\376\377\000N\000e\000i\000g\000h\000b\000o\000r\000h\000o\000o\000d\000\040\000S\000e\000a\000r\000c\000h}{section.5}% 14
\BOOKMARK [2][-]{subsection.5.2}{\376\377\000D\000e\000n\000s\000i\000t\000y}{section.5}% 15
\BOOKMARK [2][-]{subsection.5.3}{\376\377\000U\000n\000i\000l\000a\000t\000e\000r\000a\000l\000\040\000i\000n\000c\000o\000m\000p\000r\000e\000s\000s\000i\000b\000i\000l\000i\000t\000y}{section.5}% 16
\BOOKMARK [2][-]{subsection.5.4}{\376\377\000E\000x\000t\000e\000r\000n\000a\000l\000\040\000f\000o\000r\000c\000e\000s}{section.5}% 17
\BOOKMARK [2][-]{subsection.5.5}{\376\377\000G\000r\000a\000v\000i\000t\000y}{section.5}% 18
\BOOKMARK [2][-]{subsection.5.6}{\376\377\000D\000r\000a\000g}{section.5}% 19
\BOOKMARK [2][-]{subsection.5.7}{\376\377\000S\000t\000r\000a\000i\000n\000\040\000\046\000\040\000S\000t\000r\000e\000s\000s}{section.5}% 20
\BOOKMARK [2][-]{subsection.5.8}{\376\377\000P\000r\000e\000s\000s\000u\000r\000e}{section.5}% 21
\BOOKMARK [2][-]{subsection.5.9}{\376\377\000I\000n\000t\000e\000r\000n\000a\000l\000\040\000F\000o\000r\000c\000e\000s}{section.5}% 22
\BOOKMARK [2][-]{subsection.5.10}{\376\377\000I\000n\000t\000e\000g\000r\000a\000t\000i\000o\000n}{section.5}% 23
\BOOKMARK [2][-]{subsection.5.11}{\376\377\000B\000o\000u\000n\000d\000a\000r\000y\000\040\000H\000a\000n\000d\000l\000i\000n\000g}{section.5}% 24
\BOOKMARK [3][-]{subsubsection.5.11.1}{\376\377\000P\000a\000r\000t\000i\000c\000l\000e\000-\000B\000a\000s\000e\000d\000\040\000A\000p\000p\000r\000o\000a\000c\000h\000e\000s}{subsection.5.11}% 25
\BOOKMARK [3][-]{subsubsection.5.11.2}{\376\377\000V\000o\000l\000u\000m\000e\000\040\000M\000a\000p\000s}{subsection.5.11}% 26
\BOOKMARK [2][-]{subsection.5.12}{\376\377\000U\000p\000s\000a\000m\000p\000l\000i\000n\000g}{section.5}% 27
\BOOKMARK [2][-]{subsection.5.13}{\376\377\000V\000i\000s\000u\000a\000l\000i\000z\000a\000t\000i\000o\000n}{section.5}% 28
\BOOKMARK [1][-]{section.6}{\376\377\000E\000v\000a\000l\000u\000a\000t\000i\000o\000n}{}% 29
\BOOKMARK [2][-]{subsection.6.1}{\376\377\000P\000e\000r\000f\000o\000r\000m\000a\000n\000c\000e}{section.6}% 30
\BOOKMARK [1][-]{section.7}{\376\377\000C\000o\000n\000c\000l\000u\000s\000i\000o\000n\000\040\000\046\000\040\000F\000u\000t\000u\000r\000e\000\040\000W\000o\000r\000k}{}% 31
